<?xml version="1.0" encoding="UTF-8"?>
<testsuite name="org.hyperskill.calculator.tip.ExampleUnitTest" tests="8" skipped="0" failures="0" errors="0" timestamp="2021-07-16T00:44:48" hostname="MAISK2" time="10.999">
  <properties/>
  <testcase name="testShouldCheckSliderListenerLast" classname="org.hyperskill.calculator.tip.ExampleUnitTest" time="9.781"/>
  <testcase name="testShouldCheckEditTextListenerFirst" classname="org.hyperskill.calculator.tip.ExampleUnitTest" time="0.26"/>
  <testcase name="testShouldCheckTextViewExist" classname="org.hyperskill.calculator.tip.ExampleUnitTest" time="0.182"/>
  <testcase name="testShouldCheckSliderExist" classname="org.hyperskill.calculator.tip.ExampleUnitTest" time="0.137"/>
  <testcase name="testShouldCheckSliderListenerFirst" classname="org.hyperskill.calculator.tip.ExampleUnitTest" time="0.162"/>
  <testcase name="testShouldCheckEditTextExist" classname="org.hyperskill.calculator.tip.ExampleUnitTest" time="0.187"/>
  <testcase name="testShouldCheckEditTextListenerLast" classname="org.hyperskill.calculator.tip.ExampleUnitTest" time="0.153"/>
  <testcase name="testShouldCheckLongJustForFun" classname="org.hyperskill.calculator.tip.ExampleUnitTest" time="0.137"/>
  <system-out><![CDATA[[Robolectric] org.hyperskill.calculator.tip.ExampleUnitTest.testShouldCheckSliderListenerLast: sdk=29; resources=BINARY
Called loadFromPath(/system/framework/framework-res.apk, true); mode=binary sdk=29
Cleaner.create(android.view.ThreadedRenderer@11737cfb,android.graphics.HardwareRenderer$DestroyContextRunnable@66171712)
[Robolectric] org.hyperskill.calculator.tip.ExampleUnitTest.testShouldCheckEditTextListenerFirst: sdk=29; resources=BINARY
Cleaner.create(android.view.ThreadedRenderer@27f6e554,android.graphics.HardwareRenderer$DestroyContextRunnable@a4ebd20)
[Robolectric] org.hyperskill.calculator.tip.ExampleUnitTest.testShouldCheckTextViewExist: sdk=29; resources=BINARY
Cleaner.create(android.view.ThreadedRenderer@1ffddf17,android.graphics.HardwareRenderer$DestroyContextRunnable@367740df)
[Robolectric] org.hyperskill.calculator.tip.ExampleUnitTest.testShouldCheckSliderExist: sdk=29; resources=BINARY
Cleaner.create(android.view.ThreadedRenderer@3ad93bc0,android.graphics.HardwareRenderer$DestroyContextRunnable@174df5ca)
[Robolectric] org.hyperskill.calculator.tip.ExampleUnitTest.testShouldCheckSliderListenerFirst: sdk=29; resources=BINARY
Cleaner.create(android.view.ThreadedRenderer@6e751f37,android.graphics.HardwareRenderer$DestroyContextRunnable@15ac6a54)
[Robolectric] org.hyperskill.calculator.tip.ExampleUnitTest.testShouldCheckEditTextExist: sdk=29; resources=BINARY
Cleaner.create(android.view.ThreadedRenderer@3c3eee9c,android.graphics.HardwareRenderer$DestroyContextRunnable@b66aa2d)
[Robolectric] org.hyperskill.calculator.tip.ExampleUnitTest.testShouldCheckEditTextListenerLast: sdk=29; resources=BINARY
Cleaner.create(android.view.ThreadedRenderer@55aa6afc,android.graphics.HardwareRenderer$DestroyContextRunnable@52b4cb3d)
[Robolectric] org.hyperskill.calculator.tip.ExampleUnitTest.testShouldCheckLongJustForFun: sdk=29; resources=BINARY
Cleaner.create(android.view.ThreadedRenderer@81ff79d,android.graphics.HardwareRenderer$DestroyContextRunnable@650a861e)
]]></system-out>
  <system-err><![CDATA[]]></system-err>
</testsuite>
